object001: blue_bottle
object002: sant'anna mug
object003: glue bootle (vinavil)
object004: yoda mug
object005: spool
object006: book (on intelligence)
object007: box  (marvis)
object008: stapler (blue)
object009: box (green)
object010: plug-adapter (white)
object011: Asimo (toy)
object012: cup (sake)
object013: cube (red)
object014: ball (yellow)
object015: monitor (white)
object016: ball (green)
object017: screw-driver
object018: toy
object019: stick (cylinder)
object020: pense (red)
object021: book (simplexity)
object022: highlighter
object023: sponge
object024: cylinder (esta the)
object025: screw-driver (orange)
object026: pense (green)
object027: wireless antenna
object028: Pritt
object029: toy (blue star)
object030: ball (orange)
object031: hexagon (white)
object032: 8-statar (blue)
object033: stapler (red)
object034: book (mirror neuron)
object035: hand-disinfetante
object036: supradyn
object037: higlighter (pink)
object038: caffe box
object039: box (white)
object040: toy (muscle)
object041: highlighter (yellow)
object042: book (elements of style)
object043: highlighter
object044: mac book adapter
object046: pen (orange)
object047: pen (robosoft blue)
object048: glass (white)
object049: white toy
object050: ball orange (w/o lines)



